-------------------------------------------------------------------------------
Test set: com.flogin.service.AuthServiceTest
-------------------------------------------------------------------------------
Tests run: 4, Failures: 0, Errors: 4, Skipped: 0, Time elapsed: 0.019 s <<< FAILURE! -- in com.flogin.service.AuthServiceTest
com.flogin.service.AuthServiceTest.testLoginSuccess -- Time elapsed: 0.005 s <<< ERROR!
java.lang.Error: 
Unresolved compilation problems: 
	AuthService.LoginRequest cannot be resolved to a type
	AuthService.LoginRequest cannot be resolved to a type
	AuthService.LoginResponse cannot be resolved to a type

	at com.flogin.service.AuthServiceTest.testLoginSuccess(AuthServiceTest.java:23)
	at java.base/java.lang.reflect.Method.invoke(Method.java:569)
	at java.base/java.util.ArrayList.forEach(ArrayList.java:1511)
	at java.base/java.util.ArrayList.forEach(ArrayList.java:1511)

com.flogin.service.AuthServiceTest.testLoginInvalidUsername -- Time elapsed: 0.002 s <<< ERROR!
java.lang.Error: 
Unresolved compilation problems: 
	AuthService.LoginRequest cannot be resolved to a type
	AuthService.LoginRequest cannot be resolved to a type
	AuthService.LoginResponse cannot be resolved to a type

	at com.flogin.service.AuthServiceTest.testLoginInvalidUsername(AuthServiceTest.java:34)
	at java.base/java.lang.reflect.Method.invoke(Method.java:569)
	at java.base/java.util.ArrayList.forEach(ArrayList.java:1511)
	at java.base/java.util.ArrayList.forEach(ArrayList.java:1511)

com.flogin.service.AuthServiceTest.testValidationErrors -- Time elapsed: 0.003 s <<< ERROR!
java.lang.Error: 
Unresolved compilation problems: 
	AuthService.LoginRequest cannot be resolved to a type
	AuthService.LoginRequest cannot be resolved to a type
	AuthService.LoginResponse cannot be resolved to a type
	AuthService.LoginRequest cannot be resolved to a type
	AuthService.LoginRequest cannot be resolved to a type
	AuthService.LoginResponse cannot be resolved to a type
	AuthService.LoginRequest cannot be resolved to a type
	AuthService.LoginRequest cannot be resolved to a type
	AuthService.LoginResponse cannot be resolved to a type
	AuthService.LoginResponse cannot be resolved to a type
	AuthService.LoginRequest cannot be resolved to a type
	AuthService.LoginRequest cannot be resolved to a type
	AuthService.LoginResponse cannot be resolved to a type

	at com.flogin.service.AuthServiceTest.testValidationErrors(AuthServiceTest.java:57)
	at java.base/java.lang.reflect.Method.invoke(Method.java:569)
	at java.base/java.util.ArrayList.forEach(ArrayList.java:1511)
	at java.base/java.util.ArrayList.forEach(ArrayList.java:1511)

com.flogin.service.AuthServiceTest.testLoginWrongPassword -- Time elapsed: 0.003 s <<< ERROR!
java.lang.Error: 
Unresolved compilation problems: 
	AuthService.LoginRequest cannot be resolved to a type
	AuthService.LoginRequest cannot be resolved to a type
	AuthService.LoginResponse cannot be resolved to a type

	at com.flogin.service.AuthServiceTest.testLoginWrongPassword(AuthServiceTest.java:45)
	at java.base/java.lang.reflect.Method.invoke(Method.java:569)
	at java.base/java.util.ArrayList.forEach(ArrayList.java:1511)
	at java.base/java.util.ArrayList.forEach(ArrayList.java:1511)

