<?xml version="1.0" encoding="UTF-8"?>
<coverage generated="1761638080723" clover="3.2.0">
  <project timestamp="1761638080723" name="All files">
    <metrics statements="21" coveredstatements="21" conditionals="22" coveredconditionals="22" methods="2" coveredmethods="2" elements="45" coveredelements="45" complexity="0" loc="21" ncloc="21" packages="1" files="2" classes="2"/>
    <file name="validatePassword.js" path="C:\Users\phamh\OneDrive\Máy tính\DoAN_SWT\KiemThuPhanMem\fontend\src\utils\validation\validatePassword.js">
      <metrics statements="11" coveredstatements="11" conditionals="12" coveredconditionals="12" methods="1" coveredmethods="1"/>
      <line num="2" count="6" type="cond" truecount="4" falsecount="0"/>
      <line num="3" count="1" type="stmt"/>
      <line num="6" count="5" type="cond" truecount="2" falsecount="0"/>
      <line num="7" count="1" type="stmt"/>
      <line num="10" count="4" type="cond" truecount="2" falsecount="0"/>
      <line num="11" count="1" type="stmt"/>
      <line num="14" count="3" type="stmt"/>
      <line num="15" count="3" type="stmt"/>
      <line num="17" count="3" type="cond" truecount="4" falsecount="0"/>
      <line num="18" count="2" type="stmt"/>
      <line num="21" count="1" type="stmt"/>
    </file>
    <file name="validateUsername.js" path="C:\Users\phamh\OneDrive\Máy tính\DoAN_SWT\KiemThuPhanMem\fontend\src\utils\validation\validateUsername.js">
      <metrics statements="10" coveredstatements="10" conditionals="10" coveredconditionals="10" methods="1" coveredmethods="1"/>
      <line num="3" count="5" type="cond" truecount="4" falsecount="0"/>
      <line num="4" count="1" type="stmt"/>
      <line num="7" count="4" type="cond" truecount="2" falsecount="0"/>
      <line num="8" count="1" type="stmt"/>
      <line num="11" count="3" type="cond" truecount="2" falsecount="0"/>
      <line num="12" count="1" type="stmt"/>
      <line num="15" count="2" type="stmt"/>
      <line num="16" count="2" type="cond" truecount="2" falsecount="0"/>
      <line num="17" count="1" type="stmt"/>
      <line num="20" count="1" type="stmt"/>
    </file>
  </project>
</coverage>
