{"C:\\Users\\phamh\\OneDrive\\Máy tính\\DoAN_SWT\\KiemThuPhanMem\\fontend\\src\\utils\\validation\\validatePassword.js": {"path":"C:\\Users\\phamh\\OneDrive\\Máy tính\\DoAN_SWT\\KiemThuPhanMem\\fontend\\src\\utils\\validation\\validatePassword.js","statementMap":{"0":{"start":{"line":2,"column":2},"end":{"line":4,"column":3}},"1":{"start":{"line":3,"column":4},"end":{"line":3,"column":69}},"2":{"start":{"line":6,"column":2},"end":{"line":8,"column":3}},"3":{"start":{"line":7,"column":4},"end":{"line":7,"column":78}},"4":{"start":{"line":10,"column":2},"end":{"line":12,"column":3}},"5":{"start":{"line":11,"column":4},"end":{"line":11,"column":75}},"6":{"start":{"line":14,"column":20},"end":{"line":14,"column":45}},"7":{"start":{"line":15,"column":20},"end":{"line":15,"column":42}},"8":{"start":{"line":17,"column":2},"end":{"line":19,"column":3}},"9":{"start":{"line":18,"column":4},"end":{"line":18,"column":72}},"10":{"start":{"line":21,"column":2},"end":{"line":21,"column":53}}},"fnMap":{"0":{"name":"validatePassword","decl":{"start":{"line":1,"column":16},"end":{"line":1,"column":32}},"loc":{"start":{"line":1,"column":43},"end":{"line":22,"column":1}},"line":1}},"branchMap":{"0":{"loc":{"start":{"line":2,"column":2},"end":{"line":4,"column":3}},"type":"if","locations":[{"start":{"line":2,"column":2},"end":{"line":4,"column":3}},{"start":{},"end":{}}],"line":2},"1":{"loc":{"start":{"line":2,"column":6},"end":{"line":2,"column":41}},"type":"binary-expr","locations":[{"start":{"line":2,"column":6},"end":{"line":2,"column":15}},{"start":{"line":2,"column":19},"end":{"line":2,"column":41}}],"line":2},"2":{"loc":{"start":{"line":6,"column":2},"end":{"line":8,"column":3}},"type":"if","locations":[{"start":{"line":6,"column":2},"end":{"line":8,"column":3}},{"start":{},"end":{}}],"line":6},"3":{"loc":{"start":{"line":10,"column":2},"end":{"line":12,"column":3}},"type":"if","locations":[{"start":{"line":10,"column":2},"end":{"line":12,"column":3}},{"start":{},"end":{}}],"line":10},"4":{"loc":{"start":{"line":17,"column":2},"end":{"line":19,"column":3}},"type":"if","locations":[{"start":{"line":17,"column":2},"end":{"line":19,"column":3}},{"start":{},"end":{}}],"line":17},"5":{"loc":{"start":{"line":17,"column":6},"end":{"line":17,"column":30}},"type":"binary-expr","locations":[{"start":{"line":17,"column":6},"end":{"line":17,"column":16}},{"start":{"line":17,"column":20},"end":{"line":17,"column":30}}],"line":17}},"s":{"0":6,"1":1,"2":5,"3":1,"4":4,"5":1,"6":3,"7":3,"8":3,"9":2,"10":1},"f":{"0":6},"b":{"0":[1,5],"1":[6,5],"2":[1,4],"3":[1,3],"4":[2,1],"5":[3,2]},"_coverageSchema":"1a1c01bbd47fc00a2c39e90264f33305004495a9","hash":"075a5911f5b040e6a22d39bdd09508ac22557698"}
,"C:\\Users\\phamh\\OneDrive\\Máy tính\\DoAN_SWT\\KiemThuPhanMem\\fontend\\src\\utils\\validation\\validateUsername.js": {"path":"C:\\Users\\phamh\\OneDrive\\Máy tính\\DoAN_SWT\\KiemThuPhanMem\\fontend\\src\\utils\\validation\\validateUsername.js","statementMap":{"0":{"start":{"line":3,"column":2},"end":{"line":5,"column":3}},"1":{"start":{"line":4,"column":4},"end":{"line":4,"column":75}},"2":{"start":{"line":7,"column":2},"end":{"line":9,"column":3}},"3":{"start":{"line":8,"column":4},"end":{"line":8,"column":79}},"4":{"start":{"line":11,"column":2},"end":{"line":13,"column":3}},"5":{"start":{"line":12,"column":4},"end":{"line":12,"column":84}},"6":{"start":{"line":15,"column":23},"end":{"line":15,"column":38}},"7":{"start":{"line":16,"column":2},"end":{"line":18,"column":3}},"8":{"start":{"line":17,"column":4},"end":{"line":17,"column":79}},"9":{"start":{"line":20,"column":2},"end":{"line":20,"column":59}}},"fnMap":{"0":{"name":"validateUsername","decl":{"start":{"line":2,"column":16},"end":{"line":2,"column":32}},"loc":{"start":{"line":2,"column":43},"end":{"line":21,"column":1}},"line":2}},"branchMap":{"0":{"loc":{"start":{"line":3,"column":2},"end":{"line":5,"column":3}},"type":"if","locations":[{"start":{"line":3,"column":2},"end":{"line":5,"column":3}},{"start":{},"end":{}}],"line":3},"1":{"loc":{"start":{"line":3,"column":6},"end":{"line":3,"column":41}},"type":"binary-expr","locations":[{"start":{"line":3,"column":6},"end":{"line":3,"column":15}},{"start":{"line":3,"column":19},"end":{"line":3,"column":41}}],"line":3},"2":{"loc":{"start":{"line":7,"column":2},"end":{"line":9,"column":3}},"type":"if","locations":[{"start":{"line":7,"column":2},"end":{"line":9,"column":3}},{"start":{},"end":{}}],"line":7},"3":{"loc":{"start":{"line":11,"column":2},"end":{"line":13,"column":3}},"type":"if","locations":[{"start":{"line":11,"column":2},"end":{"line":13,"column":3}},{"start":{},"end":{}}],"line":11},"4":{"loc":{"start":{"line":16,"column":2},"end":{"line":18,"column":3}},"type":"if","locations":[{"start":{"line":16,"column":2},"end":{"line":18,"column":3}},{"start":{},"end":{}}],"line":16}},"s":{"0":5,"1":1,"2":4,"3":1,"4":3,"5":1,"6":2,"7":2,"8":1,"9":1},"f":{"0":5},"b":{"0":[1,4],"1":[5,4],"2":[1,3],"3":[1,2],"4":[1,1]},"_coverageSchema":"1a1c01bbd47fc00a2c39e90264f33305004495a9","hash":"9d4fd7a12ce209e52399d4926a819e2b792513b4"}
}
