TN:
SF:src\utils\validation\validatePassword.js
FN:1,validatePassword
FNF:1
FNH:1
FNDA:6,validatePassword
DA:2,6
DA:3,1
DA:6,5
DA:7,1
DA:10,4
DA:11,1
DA:14,3
DA:15,3
DA:17,3
DA:18,2
DA:21,1
LF:11
LH:11
BRDA:2,0,0,1
BRDA:2,0,1,5
BRDA:2,1,0,6
BRDA:2,1,1,5
BRDA:6,2,0,1
BRDA:6,2,1,4
BRDA:10,3,0,1
BRDA:10,3,1,3
BRDA:17,4,0,2
BRDA:17,4,1,1
BRDA:17,5,0,3
BRDA:17,5,1,2
BRF:12
BRH:12
end_of_record
TN:
SF:src\utils\validation\validateProduct.js
FN:2,validateProduct
FNF:1
FNH:1
FNDA:12,validateProduct
DA:3,12
DA:4,12
DA:6,12
DA:7,3
DA:10,9
DA:11,2
DA:13,7
DA:14,1
DA:17,6
DA:18,2
DA:20,4
DA:21,1
DA:24,3
DA:25,1
DA:28,2
DA:29,1
DA:32,1
LF:17
LH:17
BRDA:6,0,0,3
BRDA:6,0,1,9
BRDA:6,1,0,12
BRDA:6,1,1,11
BRDA:6,1,2,10
BRDA:10,2,0,2
BRDA:10,2,1,7
BRDA:10,3,0,9
BRDA:10,3,1,8
BRDA:13,4,0,1
BRDA:13,4,1,6
BRDA:17,5,0,2
BRDA:17,5,1,4
BRDA:17,6,0,6
BRDA:17,6,1,5
BRDA:20,7,0,1
BRDA:20,7,1,3
BRDA:24,8,0,1
BRDA:24,8,1,2
BRDA:24,9,0,3
BRDA:24,9,1,3
BRDA:28,10,0,1
BRDA:28,10,1,1
BRDA:28,11,0,2
BRDA:28,11,1,2
BRF:25
BRH:25
end_of_record
TN:
SF:src\utils\validation\validateUsername.js
FN:2,validateUsername
FNF:1
FNH:1
FNDA:5,validateUsername
DA:3,5
DA:4,1
DA:7,4
DA:8,1
DA:11,3
DA:12,1
DA:15,2
DA:16,2
DA:17,1
DA:20,1
LF:10
LH:10
BRDA:3,0,0,1
BRDA:3,0,1,4
BRDA:3,1,0,5
BRDA:3,1,1,4
BRDA:7,2,0,1
BRDA:7,2,1,3
BRDA:11,3,0,1
BRDA:11,3,1,2
BRDA:16,4,0,1
BRDA:16,4,1,1
BRF:10
BRH:10
end_of_record
